Using pre-set license
Built from '2020.3/staging' branch; Version is '2020.3.26f1 (7298b473bc1a) revision 7510196'; Using compiler version '192528614'; Build Type 'Release'
OS: 'Windows 11  (10.0.22000) 64bit ProfessionalEducation' Language: 'ru' Physical Memory: 16314 MB
BatchMode: 1, IsHumanControllingUs: 0, StartBugReporterOnCrash: 0, Is64bit: 1, IsPro: 0

COMMAND LINE ARGUMENTS:
C:\Program Files\Unity\Hub\Editor\2020.3.26f1\Editor\Unity.exe
-adb2
-batchMode
-noUpm
-name
AssetImportWorker0
-projectPath
C:/Users/student214.OP/Desktop/My project (8)
-logFile
Logs/AssetImportWorker0.log
-srvPort
63124
Successfully changed project path to: C:/Users/student214.OP/Desktop/My project (8)
C:/Users/student214.OP/Desktop/My project (8)
Using Asset Import Pipeline V2.
Refreshing native plugins compatible for Editor in 38.44 ms, found 2 plugins.
Preloading 0 native plugins for Editor in 0.00 ms.
Initialize engine version: 2020.3.26f1 (7298b473bc1a)
[Subsystems] Discovering subsystems at path C:/Program Files/Unity/Hub/Editor/2020.3.26f1/Editor/Data/Resources/UnitySubsystems
[Subsystems] Discovering subsystems at path C:/Users/student214.OP/Desktop/My project (8)/Assets
GfxDevice: creating device client; threaded=0
Direct3D:
    Version:  Direct3D 11.0 [level 11.1]
    Renderer: Radeon RX 560 Series (ID=0x67ef)
    Vendor:   
    VRAM:     2027 MB
    Driver:   30.0.13023.1012
Initialize mono
Mono path[0] = 'C:/Program Files/Unity/Hub/Editor/2020.3.26f1/Editor/Data/Managed'
Mono path[1] = 'C:/Program Files/Unity/Hub/Editor/2020.3.26f1/Editor/Data/MonoBleedingEdge/lib/mono/unityjit'
Mono config path = 'C:/Program Files/Unity/Hub/Editor/2020.3.26f1/Editor/Data/MonoBleedingEdge/etc'
Using monoOptions --debugger-agent=transport=dt_socket,embedding=1,server=y,suspend=n,address=127.0.0.1:56632
Begin MonoManager ReloadAssembly
Registering precompiled unity dll's ...
Register platform support module: C:/Program Files/Unity/Hub/Editor/2020.3.26f1/Editor/Data/PlaybackEngines/WindowsStandaloneSupport/UnityEditor.WindowsStandalone.Extensions.dll
Registered in 0.001642 seconds.
Native extension for WindowsStandalone target not found
Refreshing native plugins compatible for Editor in 39.84 ms, found 2 plugins.
Preloading 0 native plugins for Editor in 0.00 ms.
Mono: successfully reloaded assembly
- Completed reload, in  0.671 seconds
Domain Reload Profiling:
	ReloadAssembly (671ms)
		BeginReloadAssembly (62ms)
			ExecutionOrderSort (0ms)
			DisableScriptedObjects (0ms)
			BackupInstance (0ms)
			ReleaseScriptingObjects (0ms)
			CreateAndSetChildDomain (1ms)
		EndReloadAssembly (520ms)
			LoadAssemblies (60ms)
			RebuildTransferFunctionScriptingTraits (0ms)
			SetupTypeCache (179ms)
			ReleaseScriptCaches (0ms)
			RebuildScriptCaches (37ms)
			SetupLoadedEditorAssemblies (191ms)
				LogAssemblyErrors (0ms)
				InitializePlatformSupportModulesInManaged (5ms)
				SetLoadedEditorAssemblies (0ms)
				RefreshPlugins (40ms)
				BeforeProcessingInitializeOnLoad (17ms)
				ProcessInitializeOnLoadAttributes (96ms)
				ProcessInitializeOnLoadMethodAttributes (33ms)
				AfterProcessingInitializeOnLoad (0ms)
				EditorAssembliesLoaded (0ms)
			ExecutionOrderSort2 (0ms)
			AwakeInstancesAfterBackupRestoration (0ms)
Platform modules already initialized, skipping
Registering precompiled user dll's ...
Registered in 0.004838 seconds.
Begin MonoManager ReloadAssembly
Native extension for WindowsStandalone target not found
Refreshing native plugins compatible for Editor in 0.39 ms, found 2 plugins.
Preloading 0 native plugins for Editor in 0.00 ms.
Mono: successfully reloaded assembly
- Completed reload, in  1.172 seconds
Domain Reload Profiling:
	ReloadAssembly (1173ms)
		BeginReloadAssembly (160ms)
			ExecutionOrderSort (0ms)
			DisableScriptedObjects (6ms)
			BackupInstance (0ms)
			ReleaseScriptingObjects (0ms)
			CreateAndSetChildDomain (20ms)
		EndReloadAssembly (943ms)
			LoadAssemblies (92ms)
			RebuildTransferFunctionScriptingTraits (0ms)
			SetupTypeCache (321ms)
			ReleaseScriptCaches (0ms)
			RebuildScriptCaches (50ms)
			SetupLoadedEditorAssemblies (357ms)
				LogAssemblyErrors (0ms)
				InitializePlatformSupportModulesInManaged (5ms)
				SetLoadedEditorAssemblies (1ms)
				RefreshPlugins (0ms)
				BeforeProcessingInitializeOnLoad (91ms)
				ProcessInitializeOnLoadAttributes (243ms)
				ProcessInitializeOnLoadMethodAttributes (11ms)
				AfterProcessingInitializeOnLoad (6ms)
				EditorAssembliesLoaded (0ms)
			ExecutionOrderSort2 (0ms)
			AwakeInstancesAfterBackupRestoration (7ms)
Platform modules already initialized, skipping
========================================================================
Worker process is ready to serve import requests
Launched and connected shader compiler UnityShaderCompiler.exe after 0.05 seconds
Refreshing native plugins compatible for Editor in 0.40 ms, found 2 plugins.
Preloading 0 native plugins for Editor in 0.00 ms.
Unloading 1503 Unused Serialized files (Serialized files now loaded: 0)
System memory in use before: 67.5 MB.
System memory in use after: 67.5 MB.

Unloading 19 unused Assets to reduce memory usage. Loaded Objects now: 1935.
Total: 3.050200 ms (FindLiveObjects: 0.175300 ms CreateObjectMapping: 0.045100 ms MarkObjects: 2.764200 ms  DeleteObjects: 0.064300 ms)

AssetImportParameters requested are different than current active one (requested -> active):
  custom:framework-win-MediaFoundation: 216162199b28c13a410421893ffa2e32 -> 
  custom:video-decoder-ogg-theora: a1e56fd34408186e4bbccfd4996cb3dc -> 
  custom:container-muxer-webm: aa71ff27fc2769a1b78a27578f13a17b -> 
  custom:container-demuxer-webm: 4f35f7cbe854078d1ac9338744f61a02 -> 
  custom:container-demuxer-ogg: 62fdf1f143b41e24485cea50d1cbac27 -> 
  custom:video-encoder-webm-vp8: eb34c28f22e8b96e1ab97ce403110664 -> 
  custom:video-decoder-webm-vp8: 9c59270c3fd7afecdb556c50c9e8de78 -> 
  custom:audio-decoder-ogg-vorbis: bf7c407c2cedff20999df2af8eb42d56 -> 
  custom:audio-encoder-webm-vorbis: bf7c407c2cedff20999df2af8eb42d56 -> 
========================================================================
Received Import Request.
  path: Assets
  artifactKey: Guid(00000000000000001000000000000000) Importer(815301076,1909f56bfc062723c751e8b465ee728b)
Start importing Assets using Guid(00000000000000001000000000000000) Importer(815301076,1909f56bfc062723c751e8b465ee728b)  -> (artifact id: '42d402b061de3733987d63b9cc3b64de') in 0.008994 seconds 
  Import took 0.011501 seconds .

========================================================================
Received Import Request.
  Time since last request: 3.602839 seconds.
  path: Assets/dsakdjfkjdsfh
  artifactKey: Guid(4ed888bca2c38f34885302e1987fabb3) Importer(815301076,1909f56bfc062723c751e8b465ee728b)
Start importing Assets/dsakdjfkjdsfh using Guid(4ed888bca2c38f34885302e1987fabb3) Importer(815301076,1909f56bfc062723c751e8b465ee728b)  -> (artifact id: 'e2e1109403c4449de2b2fb64406a32f5') in 0.007975 seconds 
  Import took 0.011097 seconds .

========================================================================
Received Prepare
Registering precompiled user dll's ...
Registered in 0.004056 seconds.
Begin MonoManager ReloadAssembly
Native extension for WindowsStandalone target not found
Refreshing native plugins compatible for Editor in 0.40 ms, found 2 plugins.
Preloading 0 native plugins for Editor in 0.00 ms.
Mono: successfully reloaded assembly
- Completed reload, in  1.217 seconds
Domain Reload Profiling:
	ReloadAssembly (1217ms)
		BeginReloadAssembly (129ms)
			ExecutionOrderSort (0ms)
			DisableScriptedObjects (6ms)
			BackupInstance (0ms)
			ReleaseScriptingObjects (0ms)
			CreateAndSetChildDomain (40ms)
		EndReloadAssembly (1005ms)
			LoadAssemblies (113ms)
			RebuildTransferFunctionScriptingTraits (0ms)
			SetupTypeCache (432ms)
			ReleaseScriptCaches (1ms)
			RebuildScriptCaches (44ms)
			SetupLoadedEditorAssemblies (308ms)
				LogAssemblyErrors (0ms)
				InitializePlatformSupportModulesInManaged (5ms)
				SetLoadedEditorAssemblies (1ms)
				RefreshPlugins (0ms)
				BeforeProcessingInitializeOnLoad (83ms)
				ProcessInitializeOnLoadAttributes (202ms)
				ProcessInitializeOnLoadMethodAttributes (9ms)
				AfterProcessingInitializeOnLoad (6ms)
				EditorAssembliesLoaded (0ms)
			ExecutionOrderSort2 (0ms)
			AwakeInstancesAfterBackupRestoration (8ms)
Platform modules already initialized, skipping
Refreshing native plugins compatible for Editor in 0.40 ms, found 2 plugins.
Preloading 0 native plugins for Editor in 0.00 ms.
Unloading 1498 Unused Serialized files (Serialized files now loaded: 0)
System memory in use before: 67.4 MB.
System memory in use after: 67.5 MB.

Unloading 14 unused Assets to reduce memory usage. Loaded Objects now: 1938.
Total: 2.978100 ms (FindLiveObjects: 0.165600 ms CreateObjectMapping: 0.038400 ms MarkObjects: 2.756300 ms  DeleteObjects: 0.016600 ms)

AssetImportParameters requested are different than current active one (requested -> active):
  custom:framework-win-MediaFoundation: 216162199b28c13a410421893ffa2e32 -> 
  custom:video-decoder-ogg-theora: a1e56fd34408186e4bbccfd4996cb3dc -> 
  custom:container-muxer-webm: aa71ff27fc2769a1b78a27578f13a17b -> 
  custom:container-demuxer-webm: 4f35f7cbe854078d1ac9338744f61a02 -> 
  custom:container-demuxer-ogg: 62fdf1f143b41e24485cea50d1cbac27 -> 
  custom:video-encoder-webm-vp8: eb34c28f22e8b96e1ab97ce403110664 -> 
  custom:video-decoder-webm-vp8: 9c59270c3fd7afecdb556c50c9e8de78 -> 
  custom:audio-decoder-ogg-vorbis: bf7c407c2cedff20999df2af8eb42d56 -> 
  custom:audio-encoder-webm-vorbis: bf7c407c2cedff20999df2af8eb42d56 -> 
========================================================================
Received Import Request.
  Time since last request: 14.685596 seconds.
  path: Assets/dsakdjfkjdsfh/ad.cs
  artifactKey: Guid(2a257e0a8e388fa4292afed7411c8489) Importer(815301076,1909f56bfc062723c751e8b465ee728b)
Start importing Assets/dsakdjfkjdsfh/ad.cs using Guid(2a257e0a8e388fa4292afed7411c8489) Importer(815301076,1909f56bfc062723c751e8b465ee728b)  -> (artifact id: '2e0ada6dd069088c8a2e83584dcdb5e8') in 0.029577 seconds 
  Import took 0.031940 seconds .

========================================================================
Received Import Request.
  Time since last request: 349.423790 seconds.
  path: Assets/dsakdjfkjdsfh/New Material.mat
  artifactKey: Guid(8d947c333f8b4b945804c0d8c08b7f3f) Importer(815301076,1909f56bfc062723c751e8b465ee728b)
Start importing Assets/dsakdjfkjdsfh/New Material.mat using Guid(8d947c333f8b4b945804c0d8c08b7f3f) Importer(815301076,1909f56bfc062723c751e8b465ee728b)  -> (artifact id: '869a29f4c625485c2ad2f78a7c3ab55f') in 0.153509 seconds 
  Import took 0.156480 seconds .

========================================================================
Received Import Request.
  Time since last request: 6.709849 seconds.
  path: Assets/dsakdjfkjdsfh/New Prefab.prefab
  artifactKey: Guid(0f72982131b7c8543893c255b817b6d2) Importer(815301076,1909f56bfc062723c751e8b465ee728b)
Start importing Assets/dsakdjfkjdsfh/New Prefab.prefab using Guid(0f72982131b7c8543893c255b817b6d2) Importer(815301076,1909f56bfc062723c751e8b465ee728b)  -> (artifact id: '245483468443da3dbedb28eb01e6680e') in 0.020839 seconds 
  Import took 0.023473 seconds .

========================================================================
Received Import Request.
  Time since last request: 11.738026 seconds.
  path: Assets/dsakdjfkjdsfh/New Animation.anim
  artifactKey: Guid(fef9bdc014ed08843a2fe65a0938430e) Importer(815301076,1909f56bfc062723c751e8b465ee728b)
Start importing Assets/dsakdjfkjdsfh/New Animation.anim using Guid(fef9bdc014ed08843a2fe65a0938430e) Importer(815301076,1909f56bfc062723c751e8b465ee728b)  -> (artifact id: 'd839306ca85c519399162f5837f25336') in 0.011458 seconds 
  Import took 0.014345 seconds .

========================================================================
Received Import Request.
  Time since last request: 67.684833 seconds.
  path: Assets/dsakdjfkjdsfh/New Prefab.prefab
  artifactKey: Guid(0f72982131b7c8543893c255b817b6d2) Importer(815301076,1909f56bfc062723c751e8b465ee728b)
Start importing Assets/dsakdjfkjdsfh/New Prefab.prefab using Guid(0f72982131b7c8543893c255b817b6d2) Importer(815301076,1909f56bfc062723c751e8b465ee728b)  -> (artifact id: '7a321c1a153c89838923fd6d0a7101be') in 0.006448 seconds 
  Import took 0.009680 seconds .

========================================================================
Received Import Request.
  Time since last request: 20.565759 seconds.
  path: Assets/dsakdjfkjdsfh/New Prefab.prefab
  artifactKey: Guid(0f72982131b7c8543893c255b817b6d2) Importer(815301076,1909f56bfc062723c751e8b465ee728b)
Start importing Assets/dsakdjfkjdsfh/New Prefab.prefab using Guid(0f72982131b7c8543893c255b817b6d2) Importer(815301076,1909f56bfc062723c751e8b465ee728b)  -> (artifact id: 'b3897fee7c7d8882ecb369c55849f27a') in 0.029416 seconds 
  Import took 0.032276 seconds .

========================================================================
Received Import Request.
  Time since last request: 4.425247 seconds.
  path: Assets/dsakdjfkjdsfh/New Prefab.prefab
  artifactKey: Guid(0f72982131b7c8543893c255b817b6d2) Importer(815301076,1909f56bfc062723c751e8b465ee728b)
Start importing Assets/dsakdjfkjdsfh/New Prefab.prefab using Guid(0f72982131b7c8543893c255b817b6d2) Importer(815301076,1909f56bfc062723c751e8b465ee728b)  -> (artifact id: '9202014b5a2aece347784a6a0cd2cda5') in 0.010693 seconds 
  Import took 0.013324 seconds .

AssetImportWorkerClient::OnTransportError - code=2 error=End of file
